mode: set
github.com/manologab/wsjson/wsjson.go:27.51,28.27 1 0
github.com/manologab/wsjson/wsjson.go:34.2,34.23 1 0
github.com/manologab/wsjson/wsjson.go:28.27,33.3 1 0
github.com/manologab/wsjson/wsjson.go:38.62,40.2 1 0
github.com/manologab/wsjson/wsjson.go:42.54,44.2 1 0
github.com/manologab/wsjson/wsjson.go:48.67,50.27 1 0
github.com/manologab/wsjson/wsjson.go:55.2,56.23 2 0
github.com/manologab/wsjson/wsjson.go:62.2,63.16 2 0
github.com/manologab/wsjson/wsjson.go:68.2,69.16 2 0
github.com/manologab/wsjson/wsjson.go:75.2,75.16 1 0
github.com/manologab/wsjson/wsjson.go:50.27,53.3 2 0
github.com/manologab/wsjson/wsjson.go:56.23,59.3 1 0
github.com/manologab/wsjson/wsjson.go:63.16,66.3 2 0
github.com/manologab/wsjson/wsjson.go:69.16,73.3 3 0
github.com/manologab/wsjson/api.go:60.34,65.2 2 1
github.com/manologab/wsjson/api.go:68.39,70.2 1 0
github.com/manologab/wsjson/api.go:73.39,75.30 2 1
github.com/manologab/wsjson/api.go:78.2,78.10 1 1
github.com/manologab/wsjson/api.go:75.30,77.3 1 1
github.com/manologab/wsjson/api.go:83.58,92.8 3 1
github.com/manologab/wsjson/api.go:96.2,96.20 1 1
github.com/manologab/wsjson/api.go:100.2,100.20 1 1
github.com/manologab/wsjson/api.go:104.2,112.8 4 1
github.com/manologab/wsjson/api.go:140.2,140.30 1 1
github.com/manologab/wsjson/api.go:189.2,189.27 1 1
github.com/manologab/wsjson/api.go:193.2,196.12 4 1
github.com/manologab/wsjson/api.go:92.8,94.3 1 0
github.com/manologab/wsjson/api.go:96.20,98.3 1 1
github.com/manologab/wsjson/api.go:100.20,102.3 1 0
github.com/manologab/wsjson/api.go:112.8,114.13 1 0
github.com/manologab/wsjson/api.go:114.13,115.53 1 0
github.com/manologab/wsjson/api.go:118.4,118.22 1 0
github.com/manologab/wsjson/api.go:115.53,117.5 1 0
github.com/manologab/wsjson/api.go:120.3,124.9 3 1
github.com/manologab/wsjson/api.go:128.3,128.13 1 1
github.com/manologab/wsjson/api.go:124.9,126.4 1 0
github.com/manologab/wsjson/api.go:128.13,130.49 1 1
github.com/manologab/wsjson/api.go:136.4,136.22 1 1
github.com/manologab/wsjson/api.go:130.49,132.47 2 1
github.com/manologab/wsjson/api.go:132.47,134.6 1 1
github.com/manologab/wsjson/api.go:140.30,146.27 4 1
github.com/manologab/wsjson/api.go:151.3,151.29 1 1
github.com/manologab/wsjson/api.go:159.3,161.18 3 1
github.com/manologab/wsjson/api.go:169.3,170.15 2 1
github.com/manologab/wsjson/api.go:178.3,184.43 2 1
github.com/manologab/wsjson/api.go:187.3,187.31 1 1
github.com/manologab/wsjson/api.go:146.27,148.4 1 0
github.com/manologab/wsjson/api.go:151.29,153.4 1 0
github.com/manologab/wsjson/api.go:161.18,163.4 1 1
github.com/manologab/wsjson/api.go:163.4,163.25 1 1
github.com/manologab/wsjson/api.go:163.25,165.4 1 1
github.com/manologab/wsjson/api.go:165.4,167.4 1 0
github.com/manologab/wsjson/api.go:170.15,173.69 2 1
github.com/manologab/wsjson/api.go:173.69,175.5 1 0
github.com/manologab/wsjson/api.go:184.43,186.4 1 1
github.com/manologab/wsjson/api.go:189.27,191.3 1 0
github.com/manologab/wsjson/api.go:200.77,202.25 2 1
github.com/manologab/wsjson/api.go:206.2,212.9 6 1
github.com/manologab/wsjson/api.go:216.2,217.9 2 1
github.com/manologab/wsjson/api.go:221.2,221.25 1 1
github.com/manologab/wsjson/api.go:202.25,204.3 1 1
github.com/manologab/wsjson/api.go:212.9,214.3 1 1
github.com/manologab/wsjson/api.go:217.9,219.3 1 1
github.com/manologab/wsjson/api.go:225.89,227.16 2 1
github.com/manologab/wsjson/api.go:230.2,232.39 2 1
github.com/manologab/wsjson/api.go:238.2,240.33 3 1
github.com/manologab/wsjson/api.go:248.2,250.20 2 1
github.com/manologab/wsjson/api.go:255.2,255.24 1 1
github.com/manologab/wsjson/api.go:259.2,259.25 1 1
github.com/manologab/wsjson/api.go:269.2,269.37 1 1
github.com/manologab/wsjson/api.go:227.16,229.3 1 1
github.com/manologab/wsjson/api.go:232.39,236.3 1 1
github.com/manologab/wsjson/api.go:240.33,242.17 2 1
github.com/manologab/wsjson/api.go:245.3,245.23 1 1
github.com/manologab/wsjson/api.go:242.17,244.4 1 1
github.com/manologab/wsjson/api.go:250.20,253.3 1 1
github.com/manologab/wsjson/api.go:255.24,257.3 1 0
github.com/manologab/wsjson/api.go:259.25,261.3 1 1
github.com/manologab/wsjson/api.go:261.3,263.10 2 1
github.com/manologab/wsjson/api.go:266.3,266.10 1 1
github.com/manologab/wsjson/api.go:263.10,265.4 1 0
github.com/manologab/wsjson/api.go:273.86,276.29 3 1
github.com/manologab/wsjson/api.go:280.2,280.41 1 1
github.com/manologab/wsjson/api.go:285.2,286.37 1 1
github.com/manologab/wsjson/api.go:299.2,299.125 1 1
github.com/manologab/wsjson/api.go:276.29,278.3 1 1
github.com/manologab/wsjson/api.go:280.41,282.3 1 1
github.com/manologab/wsjson/api.go:286.37,289.31 3 1
github.com/manologab/wsjson/api.go:296.3,296.20 1 1
github.com/manologab/wsjson/api.go:289.31,291.18 2 1
github.com/manologab/wsjson/api.go:294.4,294.27 1 1
github.com/manologab/wsjson/api.go:291.18,293.5 1 1
github.com/manologab/wsjson/client.go:32.87,38.27 2 1
github.com/manologab/wsjson/client.go:45.2,45.20 1 1
github.com/manologab/wsjson/client.go:38.27,40.17 2 1
github.com/manologab/wsjson/client.go:40.17,42.4 1 0
github.com/manologab/wsjson/client.go:48.38,49.15 1 0
github.com/manologab/wsjson/client.go:53.2,55.46 3 0
github.com/manologab/wsjson/client.go:60.2,60.6 1 0
github.com/manologab/wsjson/client.go:49.15,52.3 1 0
github.com/manologab/wsjson/client.go:55.46,58.3 2 0
github.com/manologab/wsjson/client.go:60.6,62.17 2 0
github.com/manologab/wsjson/client.go:69.3,69.34 1 0
github.com/manologab/wsjson/client.go:62.17,63.71 1 0
github.com/manologab/wsjson/client.go:66.4,66.9 1 0
github.com/manologab/wsjson/client.go:63.71,65.5 1 0
github.com/manologab/wsjson/client.go:73.61,75.21 2 0
github.com/manologab/wsjson/client.go:75.21,77.3 1 0
github.com/manologab/wsjson/client.go:82.69,85.16 3 1
github.com/manologab/wsjson/client.go:89.2,89.39 1 1
github.com/manologab/wsjson/client.go:93.2,94.16 2 1
github.com/manologab/wsjson/client.go:98.2,99.16 2 1
github.com/manologab/wsjson/client.go:109.2,109.19 1 1
github.com/manologab/wsjson/client.go:85.16,87.3 1 1
github.com/manologab/wsjson/client.go:89.39,91.3 1 1
github.com/manologab/wsjson/client.go:94.16,96.3 1 1
github.com/manologab/wsjson/client.go:99.16,100.40 1 1
github.com/manologab/wsjson/client.go:100.40,104.4 3 1
github.com/manologab/wsjson/client.go:104.4,106.4 1 1
github.com/manologab/wsjson/client.go:109.19,115.3 1 1
github.com/manologab/wsjson/client.go:115.3,117.3 1 1
github.com/manologab/wsjson/client.go:120.35,123.2 1 0
github.com/manologab/wsjson/jsonrpc.go:38.66,40.2 1 1
github.com/manologab/wsjson/jsonrpc.go:42.74,48.17 2 1
github.com/manologab/wsjson/jsonrpc.go:52.2,52.14 1 1
github.com/manologab/wsjson/jsonrpc.go:48.17,50.3 1 1
github.com/manologab/wsjson/jsonrpc.go:55.33,57.2 1 1
github.com/manologab/wsjson/jsonrpc.go:59.47,65.2 1 1
github.com/manologab/wsjson/jsonrpc.go:68.85,77.2 3 1
github.com/manologab/wsjson/jsonrpc.go:79.60,81.38 2 1
github.com/manologab/wsjson/jsonrpc.go:81.38,83.3 1 0
github.com/manologab/wsjson/jsonrpc.go:83.3,85.10 2 1
github.com/manologab/wsjson/jsonrpc.go:88.3,88.21 1 1
github.com/manologab/wsjson/jsonrpc.go:85.10,87.4 1 1
